{"/Users/yanon61/work/entrance-api/src/app.ts": {"path":"/Users/yanon61/work/entrance-api/src/app.ts","statementMap":{"0":{"start":{"line":1,"column":0},"end":{"line":1,"column":36}},"1":{"start":{"line":2,"column":0},"end":{"line":2,"column":29}},"2":{"start":{"line":3,"column":0},"end":{"line":3,"column":35}},"3":{"start":{"line":4,"column":0},"end":{"line":4,"column":35}},"4":{"start":{"line":6,"column":0},"end":{"line":6,"column":null}},"5":{"start":{"line":10,"column":4},"end":{"line":10,"column":null}},"6":{"start":{"line":11,"column":4},"end":{"line":11,"column":null}},"7":{"start":{"line":12,"column":4},"end":{"line":12,"column":null}},"8":{"start":{"line":13,"column":4},"end":{"line":13,"column":null}},"9":{"start":{"line":16,"column":9},"end":{"line":27,"column":null}},"10":{"start":{"line":17,"column":4},"end":{"line":17,"column":null}},"11":{"start":{"line":18,"column":4},"end":{"line":18,"column":null}},"12":{"start":{"line":20,"column":4},"end":{"line":26,"column":null}},"13":{"start":{"line":21,"column":6},"end":{"line":21,"column":null}},"14":{"start":{"line":22,"column":6},"end":{"line":25,"column":null}},"15":{"start":{"line":29,"column":9},"end":{"line":31,"column":null}},"16":{"start":{"line":30,"column":4},"end":{"line":30,"column":null}},"17":{"start":{"line":30,"column":32},"end":{"line":30,"column":71}},"18":{"start":{"line":32,"column":0},"end":{"line":32,"column":null}},"19":{"start":{"line":34,"column":0},"end":{"line":34,"column":null}}},"fnMap":{"0":{"name":"(anonymous_1)","decl":{"start":{"line":6,"column":0},"end":{"line":6,"column":null}},"loc":{"start":{"line":6,"column":0},"end":{"line":32,"column":null}}},"1":{"name":"App","decl":{"start":{"line":9,"column":2},"end":{"line":9,"column":null}},"loc":{"start":{"line":9,"column":2},"end":{"line":14,"column":3}}},"2":{"name":"(anonymous_3)","decl":{"start":{"line":16,"column":2},"end":{"line":16,"column":9}},"loc":{"start":{"line":16,"column":2},"end":{"line":27,"column":3}}},"3":{"name":"(anonymous_4)","decl":{"start":{"line":20,"column":17},"end":{"line":20,"column":18}},"loc":{"start":{"line":20,"column":61},"end":{"line":26,"column":5}}},"4":{"name":"(anonymous_5)","decl":{"start":{"line":29,"column":2},"end":{"line":29,"column":9}},"loc":{"start":{"line":29,"column":2},"end":{"line":31,"column":3}}},"5":{"name":"(anonymous_6)","decl":{"start":{"line":30,"column":26},"end":{"line":30,"column":32}},"loc":{"start":{"line":30,"column":26},"end":{"line":30,"column":39}}}},"branchMap":{},"s":{"0":1,"1":1,"2":1,"3":1,"4":1,"5":2,"6":2,"7":2,"8":2,"9":1,"10":2,"11":2,"12":2,"13":0,"14":0,"15":1,"16":0,"17":0,"18":1,"19":1},"f":{"0":1,"1":2,"2":2,"3":0,"4":0,"5":0},"b":{}}
,"/Users/yanon61/work/entrance-api/src/calculation.ts": {"path":"/Users/yanon61/work/entrance-api/src/calculation.ts","statementMap":{"0":{"start":{"line":1,"column":13},"end":{"line":1,"column":null}},"1":{"start":{"line":1,"column":58},"end":{"line":1,"column":null}},"2":{"start":{"line":2,"column":13},"end":{"line":2,"column":null}},"3":{"start":{"line":2,"column":61},"end":{"line":2,"column":null}},"4":{"start":{"line":3,"column":13},"end":{"line":3,"column":null}},"5":{"start":{"line":3,"column":64},"end":{"line":3,"column":null}},"6":{"start":{"line":4,"column":13},"end":{"line":4,"column":null}},"7":{"start":{"line":4,"column":58},"end":{"line":4,"column":null}}},"fnMap":{"0":{"name":"(anonymous_0)","decl":{"start":{"line":1,"column":24},"end":{"line":1,"column":25}},"loc":{"start":{"line":1,"column":45},"end":{"line":1,"column":59}}},"1":{"name":"(anonymous_1)","decl":{"start":{"line":2,"column":27},"end":{"line":2,"column":28}},"loc":{"start":{"line":2,"column":48},"end":{"line":2,"column":62}}},"2":{"name":"(anonymous_2)","decl":{"start":{"line":3,"column":30},"end":{"line":3,"column":31}},"loc":{"start":{"line":3,"column":51},"end":{"line":3,"column":65}}},"3":{"name":"(anonymous_3)","decl":{"start":{"line":4,"column":24},"end":{"line":4,"column":25}},"loc":{"start":{"line":4,"column":45},"end":{"line":4,"column":59}}}},"branchMap":{},"s":{"0":1,"1":2,"2":1,"3":2,"4":1,"5":2,"6":1,"7":2},"f":{"0":2,"1":2,"2":2,"3":2},"b":{}}
,"/Users/yanon61/work/entrance-api/src/route/noImpl.ts": {"path":"/Users/yanon61/work/entrance-api/src/route/noImpl.ts","statementMap":{"0":{"start":{"line":8,"column":2},"end":{"line":10,"column":null}},"1":{"start":{"line":3,"column":0},"end":{"line":3,"column":24}}},"fnMap":{"0":{"name":"noImpl","decl":{"start":{"line":3,"column":24},"end":{"line":3,"column":30}},"loc":{"start":{"line":6,"column":28},"end":{"line":11,"column":1}}}},"branchMap":{},"s":{"0":1,"1":1},"f":{"0":1},"b":{}}
,"/Users/yanon61/work/entrance-api/src/route/sample.ts": {"path":"/Users/yanon61/work/entrance-api/src/route/sample.ts","statementMap":{"0":{"start":{"line":1,"column":0},"end":{"line":1,"column":34}},"1":{"start":{"line":3,"column":15},"end":{"line":3,"column":31}},"2":{"start":{"line":4,"column":23},"end":{"line":4,"column":27}},"3":{"start":{"line":9,"column":0},"end":{"line":21,"column":null}},"4":{"start":{"line":12,"column":4},"end":{"line":19,"column":null}},"5":{"start":{"line":14,"column":8},"end":{"line":17,"column":null}},"6":{"start":{"line":26,"column":0},"end":{"line":37,"column":null}},"7":{"start":{"line":29,"column":4},"end":{"line":35,"column":null}},"8":{"start":{"line":31,"column":8},"end":{"line":33,"column":null}},"9":{"start":{"line":39,"column":0},"end":{"line":51,"column":null}},"10":{"start":{"line":42,"column":4},"end":{"line":49,"column":null}},"11":{"start":{"line":44,"column":8},"end":{"line":47,"column":null}},"12":{"start":{"line":56,"column":0},"end":{"line":67,"column":null}},"13":{"start":{"line":59,"column":4},"end":{"line":65,"column":null}},"14":{"start":{"line":61,"column":8},"end":{"line":63,"column":null}},"15":{"start":{"line":69,"column":0},"end":{"line":81,"column":null}},"16":{"start":{"line":72,"column":4},"end":{"line":79,"column":null}},"17":{"start":{"line":74,"column":8},"end":{"line":77,"column":null}},"18":{"start":{"line":86,"column":0},"end":{"line":98,"column":null}},"19":{"start":{"line":89,"column":4},"end":{"line":96,"column":null}},"20":{"start":{"line":91,"column":8},"end":{"line":94,"column":null}},"21":{"start":{"line":100,"column":0},"end":{"line":112,"column":null}},"22":{"start":{"line":103,"column":4},"end":{"line":110,"column":null}},"23":{"start":{"line":105,"column":8},"end":{"line":108,"column":null}},"24":{"start":{"line":117,"column":0},"end":{"line":129,"column":null}},"25":{"start":{"line":120,"column":4},"end":{"line":127,"column":null}},"26":{"start":{"line":122,"column":8},"end":{"line":125,"column":null}},"27":{"start":{"line":131,"column":0},"end":{"line":143,"column":null}},"28":{"start":{"line":134,"column":4},"end":{"line":141,"column":null}},"29":{"start":{"line":136,"column":8},"end":{"line":139,"column":null}},"30":{"start":{"line":145,"column":0},"end":{"line":145,"column":null}}},"fnMap":{"0":{"name":"(anonymous_1)","decl":{"start":{"line":11,"column":2},"end":{"line":11,"column":3}},"loc":{"start":{"line":11,"column":74},"end":{"line":20,"column":3}}},"1":{"name":"(anonymous_2)","decl":{"start":{"line":13,"column":6},"end":{"line":13,"column":null}},"loc":{"start":{"line":13,"column":6},"end":{"line":14,"column":11}}},"2":{"name":"(anonymous_3)","decl":{"start":{"line":28,"column":2},"end":{"line":28,"column":3}},"loc":{"start":{"line":28,"column":74},"end":{"line":36,"column":3}}},"3":{"name":"(anonymous_4)","decl":{"start":{"line":30,"column":6},"end":{"line":30,"column":null}},"loc":{"start":{"line":30,"column":6},"end":{"line":31,"column":11}}},"4":{"name":"(anonymous_5)","decl":{"start":{"line":41,"column":2},"end":{"line":41,"column":3}},"loc":{"start":{"line":41,"column":74},"end":{"line":50,"column":3}}},"5":{"name":"(anonymous_6)","decl":{"start":{"line":43,"column":6},"end":{"line":43,"column":null}},"loc":{"start":{"line":43,"column":6},"end":{"line":44,"column":11}}},"6":{"name":"(anonymous_7)","decl":{"start":{"line":58,"column":2},"end":{"line":58,"column":3}},"loc":{"start":{"line":58,"column":74},"end":{"line":66,"column":3}}},"7":{"name":"(anonymous_8)","decl":{"start":{"line":60,"column":6},"end":{"line":60,"column":null}},"loc":{"start":{"line":60,"column":6},"end":{"line":61,"column":11}}},"8":{"name":"(anonymous_9)","decl":{"start":{"line":71,"column":2},"end":{"line":71,"column":3}},"loc":{"start":{"line":71,"column":74},"end":{"line":80,"column":3}}},"9":{"name":"(anonymous_10)","decl":{"start":{"line":73,"column":6},"end":{"line":73,"column":null}},"loc":{"start":{"line":73,"column":6},"end":{"line":74,"column":11}}},"10":{"name":"(anonymous_11)","decl":{"start":{"line":88,"column":2},"end":{"line":88,"column":3}},"loc":{"start":{"line":88,"column":74},"end":{"line":97,"column":3}}},"11":{"name":"(anonymous_12)","decl":{"start":{"line":90,"column":6},"end":{"line":90,"column":null}},"loc":{"start":{"line":90,"column":6},"end":{"line":91,"column":11}}},"12":{"name":"(anonymous_13)","decl":{"start":{"line":102,"column":2},"end":{"line":102,"column":3}},"loc":{"start":{"line":102,"column":74},"end":{"line":111,"column":3}}},"13":{"name":"(anonymous_14)","decl":{"start":{"line":104,"column":6},"end":{"line":104,"column":null}},"loc":{"start":{"line":104,"column":6},"end":{"line":105,"column":11}}},"14":{"name":"(anonymous_15)","decl":{"start":{"line":119,"column":2},"end":{"line":119,"column":3}},"loc":{"start":{"line":119,"column":74},"end":{"line":128,"column":3}}},"15":{"name":"(anonymous_16)","decl":{"start":{"line":121,"column":6},"end":{"line":121,"column":null}},"loc":{"start":{"line":121,"column":6},"end":{"line":122,"column":11}}},"16":{"name":"(anonymous_17)","decl":{"start":{"line":133,"column":2},"end":{"line":133,"column":3}},"loc":{"start":{"line":133,"column":74},"end":{"line":142,"column":3}}},"17":{"name":"(anonymous_18)","decl":{"start":{"line":135,"column":6},"end":{"line":135,"column":null}},"loc":{"start":{"line":135,"column":6},"end":{"line":136,"column":11}}}},"branchMap":{},"s":{"0":1,"1":1,"2":1,"3":1,"4":1,"5":1,"6":1,"7":0,"8":0,"9":1,"10":0,"11":0,"12":1,"13":0,"14":0,"15":1,"16":0,"17":0,"18":1,"19":0,"20":0,"21":1,"22":0,"23":0,"24":1,"25":0,"26":0,"27":1,"28":0,"29":0,"30":1},"f":{"0":1,"1":1,"2":0,"3":0,"4":0,"5":0,"6":0,"7":0,"8":0,"9":0,"10":0,"11":0,"12":0,"13":0,"14":0,"15":0,"16":0,"17":0},"b":{}}
}
