TN:
SF:/Users/yanon61/work/entrance-api/src/app.ts
FN:6,(anonymous_1)
FN:9,App
FN:16,(anonymous_3)
FN:20,(anonymous_4)
FN:29,(anonymous_5)
FN:30,(anonymous_6)
FNF:6
FNH:3
FNDA:1,(anonymous_1)
FNDA:2,App
FNDA:2,(anonymous_3)
FNDA:0,(anonymous_4)
FNDA:0,(anonymous_5)
FNDA:0,(anonymous_6)
DA:1,1
DA:2,1
DA:3,1
DA:4,1
DA:6,1
DA:10,2
DA:11,2
DA:12,2
DA:13,2
DA:16,1
DA:17,2
DA:18,2
DA:20,2
DA:21,0
DA:22,0
DA:29,1
DA:30,0
DA:32,1
DA:34,1
LF:19
LH:16
BRF:0
BRH:0
end_of_record
TN:
SF:/Users/yanon61/work/entrance-api/src/calculation.ts
FN:1,(anonymous_0)
FN:2,(anonymous_1)
FN:3,(anonymous_2)
FN:4,(anonymous_3)
FNF:4
FNH:4
FNDA:2,(anonymous_0)
FNDA:2,(anonymous_1)
FNDA:2,(anonymous_2)
FNDA:2,(anonymous_3)
DA:1,2
DA:2,2
DA:3,2
DA:4,2
LF:4
LH:4
BRF:0
BRH:0
end_of_record
TN:
SF:/Users/yanon61/work/entrance-api/src/route/noImpl.ts
FN:3,noImpl
FNF:1
FNH:1
FNDA:1,noImpl
DA:3,1
DA:8,1
LF:2
LH:2
BRF:0
BRH:0
end_of_record
TN:
SF:/Users/yanon61/work/entrance-api/src/route/sample.ts
FN:11,(anonymous_1)
FN:13,(anonymous_2)
FN:28,(anonymous_3)
FN:30,(anonymous_4)
FN:41,(anonymous_5)
FN:43,(anonymous_6)
FN:58,(anonymous_7)
FN:60,(anonymous_8)
FN:71,(anonymous_9)
FN:73,(anonymous_10)
FN:88,(anonymous_11)
FN:90,(anonymous_12)
FN:102,(anonymous_13)
FN:104,(anonymous_14)
FN:119,(anonymous_15)
FN:121,(anonymous_16)
FN:133,(anonymous_17)
FN:135,(anonymous_18)
FNF:18
FNH:2
FNDA:1,(anonymous_1)
FNDA:1,(anonymous_2)
FNDA:0,(anonymous_3)
FNDA:0,(anonymous_4)
FNDA:0,(anonymous_5)
FNDA:0,(anonymous_6)
FNDA:0,(anonymous_7)
FNDA:0,(anonymous_8)
FNDA:0,(anonymous_9)
FNDA:0,(anonymous_10)
FNDA:0,(anonymous_11)
FNDA:0,(anonymous_12)
FNDA:0,(anonymous_13)
FNDA:0,(anonymous_14)
FNDA:0,(anonymous_15)
FNDA:0,(anonymous_16)
FNDA:0,(anonymous_17)
FNDA:0,(anonymous_18)
DA:1,1
DA:3,1
DA:4,1
DA:9,1
DA:12,1
DA:14,1
DA:26,1
DA:29,0
DA:31,0
DA:39,1
DA:42,0
DA:44,0
DA:56,1
DA:59,0
DA:61,0
DA:69,1
DA:72,0
DA:74,0
DA:86,1
DA:89,0
DA:91,0
DA:100,1
DA:103,0
DA:105,0
DA:117,1
DA:120,0
DA:122,0
DA:131,1
DA:134,0
DA:136,0
DA:145,1
LF:31
LH:15
BRF:0
BRH:0
end_of_record
